<?xml version="1.0" encoding="UTF-8"?>
<testng-results ignored="0" total="1" passed="1" failed="0" skipped="0">
  <reporter-output>
  </reporter-output>
  <suite started-at="2023-02-16T14:37:58 IST" name="Default suite" finished-at="2023-02-16T14:39:18 IST" duration-ms="79805">
    <groups>
    </groups>
    <test started-at="2023-02-16T14:37:58 IST" name="Default test" finished-at="2023-02-16T14:39:18 IST" duration-ms="79805">
      <class name="Testcases.VerifyFlight">
        <test-method is-config="true" signature="openurl()[pri:0, instance:Testcases.VerifyFlight@35ef1869]" started-at="2023-02-16T14:37:58 IST" name="openurl" finished-at="2023-02-16T14:38:31 IST" duration-ms="32594" status="PASS">
          <reporter-output>
          </reporter-output>
        </test-method> <!-- openurl -->
        <test-method signature="flight()[pri:0, instance:Testcases.VerifyFlight@35ef1869]" started-at="2023-02-16T14:38:31 IST" name="flight" finished-at="2023-02-16T14:39:18 IST" duration-ms="46924" status="PASS">
          <reporter-output>
          </reporter-output>
        </test-method> <!-- flight -->
      </class> <!-- Testcases.VerifyFlight -->
    </test> <!-- Default test -->
  </suite> <!-- Default suite -->
</testng-results>
